<?xml version="1.0" encoding="UTF-8"?>
<!-- Generated by org.testng.reporters.JUnitReportReporter -->
<testsuite hostname="LAPTOP-M5PKHKMD" failures="0" tests="1" name="testautomation.Helloword" time="68.243" errors="0" timestamp="2024-09-03T15:57:31 IST" skipped="0">
  <testcase classname="testautomation.Helloword" name="setup" time="68.243"/>
</testsuite> <!-- testautomation.Helloword -->
