<?xml version="1.0" encoding="UTF-8"?>
<!-- Generated by org.testng.reporters.JUnitReportReporter -->
<testsuite hostname="LAPTOP-M5PKHKMD" failures="0" tests="1" name="com.automationexersize.Test1" time="0.012" errors="0" timestamp="2024-09-05T11:08:25 IST" skipped="0">
  <testcase classname="com.automationexersize.Test1" name="signuppage" time="0.012"/>
</testsuite> <!-- com.automationexersize.Test1 -->
