<?xml version="1.0" encoding="UTF-8"?>
<!-- Generated by org.testng.reporters.JUnitReportReporter -->
<testsuite hostname="LAPTOP-M5PKHKMD" failures="0" tests="1" name="com.orange.hrm.Orangehrm" time="0.488" errors="0" timestamp="2024-09-04T12:42:44 IST" skipped="0">
  <testcase classname="com.orange.hrm.Orangehrm" name="performaction" time="0.488"/>
</testsuite> <!-- com.orange.hrm.Orangehrm -->
