<?xml version="1.0" encoding="UTF-8"?>
<!-- Generated by org.testng.reporters.JUnitReportReporter -->
<testsuite hostname="LAPTOP-M5PKHKMD" failures="0" tests="1" name="testautomation.Test1" time="2.896" errors="0" timestamp="2024-09-03T13:51:12 IST" skipped="0">
  <testcase classname="testautomation.Test1" name="setup" time="2.896"/>
</testsuite> <!-- testautomation.Test1 -->
